? Turkey timezone detected and configured
Application starting - database health check deferred to runtime
info: Program[0]
      === APPLICATION STARTUP BEGIN ===
info: Program[0]
      Environment: Development
info: Program[0]
      Content Root: C:\Users\pc\manyasligida
info: Program[0]
      Web Root: C:\Users\pc\manyasligida\wwwroot
info: Program[0]
      ASPNETCORE_ENVIRONMENT: Development
info: Program[0]
      Connection string configured: True
info: Program[0]
      Development mode configured
info: Program[0]
      Session configured
info: Program[0]
      === APPLICATION STARTUP COMPLETE ===
info: Microsoft.Hosting.Lifetime[14]
      Now listening on: http://127.0.0.1:47364
info: Microsoft.Hosting.Lifetime[0]
      Application started. Press Ctrl+C to shut down.
info: Microsoft.Hosting.Lifetime[0]
      Hosting environment: Development
info: Microsoft.Hosting.Lifetime[0]
      Content root path: C:\Users\pc\manyasligida
Connection string configured: True
warn: Microsoft.EntityFrameworkCore.Model.Validation[30000]
      No store type was specified for the decimal property 'TotalPrice' on entity type 'CartItem'. This will cause values to be silently truncated if they do not fit in the default precision and scale. Explicitly specify the SQL server column type that can accommodate all the values in 'OnModelCreating' using 'HasColumnType', specify precision and scale using 'HasPrecision', or configure a value converter using 'HasConversion'.
warn: Microsoft.EntityFrameworkCore.Model.Validation[30000]
      No store type was specified for the decimal property 'UnitPrice' on entity type 'CartItem'. This will cause values to be silently truncated if they do not fit in the default precision and scale. Explicitly specify the SQL server column type that can accommodate all the values in 'OnModelCreating' using 'HasColumnType', specify precision and scale using 'HasPrecision', or configure a value converter using 'HasConversion'.
warn: Microsoft.EntityFrameworkCore.Model.Validation[30000]
      No store type was specified for the decimal property 'Amount' on entity type 'Expense'. This will cause values to be silently truncated if they do not fit in the default precision and scale. Explicitly specify the SQL server column type that can accommodate all the values in 'OnModelCreating' using 'HasColumnType', specify precision and scale using 'HasPrecision', or configure a value converter using 'HasConversion'.
warn: Microsoft.EntityFrameworkCore.Model.Validation[30000]
      No store type was specified for the decimal property 'DiscountAmount' on entity type 'Order'. This will cause values to be silently truncated if they do not fit in the default precision and scale. Explicitly specify the SQL server column type that can accommodate all the values in 'OnModelCreating' using 'HasColumnType', specify precision and scale using 'HasPrecision', or configure a value converter using 'HasConversion'.
warn: Microsoft.EntityFrameworkCore.Model.Validation[30000]
      No store type was specified for the decimal property 'ShippingCost' on entity type 'Order'. This will cause values to be silently truncated if they do not fit in the default precision and scale. Explicitly specify the SQL server column type that can accommodate all the values in 'OnModelCreating' using 'HasColumnType', specify precision and scale using 'HasPrecision', or configure a value converter using 'HasConversion'.
warn: Microsoft.EntityFrameworkCore.Model.Validation[30000]
      No store type was specified for the decimal property 'SubTotal' on entity type 'Order'. This will cause values to be silently truncated if they do not fit in the default precision and scale. Explicitly specify the SQL server column type that can accommodate all the values in 'OnModelCreating' using 'HasColumnType', specify precision and scale using 'HasPrecision', or configure a value converter using 'HasConversion'.
warn: Microsoft.EntityFrameworkCore.Model.Validation[30000]
      No store type was specified for the decimal property 'TaxAmount' on entity type 'Order'. This will cause values to be silently truncated if they do not fit in the default precision and scale. Explicitly specify the SQL server column type that can accommodate all the values in 'OnModelCreating' using 'HasColumnType', specify precision and scale using 'HasPrecision', or configure a value converter using 'HasConversion'.
warn: Microsoft.EntityFrameworkCore.Model.Validation[30000]
      No store type was specified for the decimal property 'TotalAmount' on entity type 'Order'. This will cause values to be silently truncated if they do not fit in the default precision and scale. Explicitly specify the SQL server column type that can accommodate all the values in 'OnModelCreating' using 'HasColumnType', specify precision and scale using 'HasPrecision', or configure a value converter using 'HasConversion'.
warn: Microsoft.EntityFrameworkCore.Model.Validation[30000]
      No store type was specified for the decimal property 'TotalPrice' on entity type 'OrderItem'. This will cause values to be silently truncated if they do not fit in the default precision and scale. Explicitly specify the SQL server column type that can accommodate all the values in 'OnModelCreating' using 'HasColumnType', specify precision and scale using 'HasPrecision', or configure a value converter using 'HasConversion'.
warn: Microsoft.EntityFrameworkCore.Model.Validation[30000]
      No store type was specified for the decimal property 'UnitPrice' on entity type 'OrderItem'. This will cause values to be silently truncated if they do not fit in the default precision and scale. Explicitly specify the SQL server column type that can accommodate all the values in 'OnModelCreating' using 'HasColumnType', specify precision and scale using 'HasPrecision', or configure a value converter using 'HasConversion'.
warn: Microsoft.EntityFrameworkCore.Model.Validation[30000]
      No store type was specified for the decimal property 'OldPrice' on entity type 'Product'. This will cause values to be silently truncated if they do not fit in the default precision and scale. Explicitly specify the SQL server column type that can accommodate all the values in 'OnModelCreating' using 'HasColumnType', specify precision and scale using 'HasPrecision', or configure a value converter using 'HasConversion'.
info: Microsoft.EntityFrameworkCore.Database.Command[20101]
      Executed DbCommand (190ms) [Parameters=[@__sessionId_0='?' (Size = 50)], CommandType='Text', CommandTimeout='30']
      SELECT [t].[Id], [t].[ConsentDate], [t].[CreatedAt], [t].[ExpiryDate], [t].[IpAddress], [t].[IsAccepted], [t].[IsActive], [t].[Preferences], [t].[SessionId], [t].[UserAgent], [t].[UserId], [t0].[Id], [t0].[CookieCategoryId], [t0].[CookieConsentId], [t0].[CreatedAt], [t0].[IsAccepted], [t0].[Id0], [t0].[CreatedAt0], [t0].[Description], [t0].[IsActive], [t0].[IsRequired], [t0].[Name], [t0].[SortOrder]
      FROM (
          SELECT TOP(1) [c].[Id], [c].[ConsentDate], [c].[CreatedAt], [c].[ExpiryDate], [c].[IpAddress], [c].[IsAccepted], [c].[IsActive], [c].[Preferences], [c].[SessionId], [c].[UserAgent], [c].[UserId]
          FROM [CookieConsents] AS [c]
          WHERE [c].[SessionId] = @__sessionId_0 AND [c].[IsActive] = CAST(1 AS bit)
      ) AS [t]
      LEFT JOIN (
          SELECT [c0].[Id], [c0].[CookieCategoryId], [c0].[CookieConsentId], [c0].[CreatedAt], [c0].[IsAccepted], [c1].[Id] AS [Id0], [c1].[CreatedAt] AS [CreatedAt0], [c1].[Description], [c1].[IsActive], [c1].[IsRequired], [c1].[Name], [c1].[SortOrder]
          FROM [CookieConsentDetails] AS [c0]
          INNER JOIN [CookieCategories] AS [c1] ON [c0].[CookieCategoryId] = [c1].[Id]
      ) AS [t0] ON [t].[Id] = [t0].[CookieConsentId]
      ORDER BY [t].[Id], [t0].[Id]
info: Microsoft.EntityFrameworkCore.Database.Command[20101]
      Executed DbCommand (155ms) [Parameters=[], CommandType='Text', CommandTimeout='30']
      SELECT [c].[Id], [c].[CreatedAt], [c].[Description], [c].[IsActive], [c].[IsRequired], [c].[Name], [c].[SortOrder]
      FROM [CookieCategories] AS [c]
      WHERE [c].[IsActive] = CAST(1 AS bit)
      ORDER BY [c].[SortOrder]
Connection string configured: True
info: Microsoft.EntityFrameworkCore.Database.Command[20101]
      Executed DbCommand (157ms) [Parameters=[@__sessionId_0='?' (Size = 50)], CommandType='Text', CommandTimeout='30']
      SELECT [t].[Id], [t].[ConsentDate], [t].[CreatedAt], [t].[ExpiryDate], [t].[IpAddress], [t].[IsAccepted], [t].[IsActive], [t].[Preferences], [t].[SessionId], [t].[UserAgent], [t].[UserId], [t0].[Id], [t0].[CookieCategoryId], [t0].[CookieConsentId], [t0].[CreatedAt], [t0].[IsAccepted], [t0].[Id0], [t0].[CreatedAt0], [t0].[Description], [t0].[IsActive], [t0].[IsRequired], [t0].[Name], [t0].[SortOrder]
      FROM (
          SELECT TOP(1) [c].[Id], [c].[ConsentDate], [c].[CreatedAt], [c].[ExpiryDate], [c].[IpAddress], [c].[IsAccepted], [c].[IsActive], [c].[Preferences], [c].[SessionId], [c].[UserAgent], [c].[UserId]
          FROM [CookieConsents] AS [c]
          WHERE [c].[SessionId] = @__sessionId_0 AND [c].[IsActive] = CAST(1 AS bit)
      ) AS [t]
      LEFT JOIN (
          SELECT [c0].[Id], [c0].[CookieCategoryId], [c0].[CookieConsentId], [c0].[CreatedAt], [c0].[IsAccepted], [c1].[Id] AS [Id0], [c1].[CreatedAt] AS [CreatedAt0], [c1].[Description], [c1].[IsActive], [c1].[IsRequired], [c1].[Name], [c1].[SortOrder]
          FROM [CookieConsentDetails] AS [c0]
          INNER JOIN [CookieCategories] AS [c1] ON [c0].[CookieCategoryId] = [c1].[Id]
      ) AS [t0] ON [t].[Id] = [t0].[CookieConsentId]
      ORDER BY [t].[Id], [t0].[Id]
info: Microsoft.EntityFrameworkCore.Database.Command[20101]
      Executed DbCommand (154ms) [Parameters=[], CommandType='Text', CommandTimeout='30']
      SELECT [c].[Id], [c].[CreatedAt], [c].[Description], [c].[IsActive], [c].[IsRequired], [c].[Name], [c].[SortOrder]
      FROM [CookieCategories] AS [c]
      WHERE [c].[IsActive] = CAST(1 AS bit)
      ORDER BY [c].[SortOrder]
Connection string configured: True
Connection string configured: True
info: Microsoft.EntityFrameworkCore.Database.Command[20101]
      Executed DbCommand (157ms) [Parameters=[], CommandType='Text', CommandTimeout='30']
      SELECT [p].[Id], [p].[AllergenInfo], [p].[CategoryId], [p].[CreatedAt], [p].[Description], [p].[ExpiryInfo], [p].[FatContent], [p].[ImageUrl], [p].[ImageUrls], [p].[Ingredients], [p].[IsActive], [p].[IsFeatured], [p].[IsNew], [p].[IsPopular], [p].[MetaDescription], [p].[MetaKeywords], [p].[MetaTitle], [p].[Name], [p].[NutritionalInfo], [p].[OldPrice], [p].[Price], [p].[PublishedAt], [p].[Slug], [p].[SortOrder], [p].[StockQuantity], [p].[StorageInfo], [p].[ThumbnailUrl], [p].[UpdatedAt], [p].[Weight], [c].[Id], [c].[CreatedAt], [c].[Description], [c].[DisplayOrder], [c].[ImageUrl], [c].[IsActive], [c].[Name], [c].[UpdatedAt]
      FROM [Products] AS [p]
      LEFT JOIN [Categories] AS [c] ON [p].[CategoryId] = [c].[Id]
      WHERE [p].[IsActive] = CAST(1 AS bit)
      ORDER BY [p].[Name]
info: Microsoft.EntityFrameworkCore.Database.Command[20101]
      Executed DbCommand (155ms) [Parameters=[], CommandType='Text', CommandTimeout='30']
      SELECT [c].[Id], [c].[CreatedAt], [c].[Description], [c].[DisplayOrder], [c].[ImageUrl], [c].[IsActive], [c].[Name], [c].[UpdatedAt]
      FROM [Categories] AS [c]
      WHERE [c].[IsActive] = CAST(1 AS bit)
fail: Microsoft.EntityFrameworkCore.Database.Command[20102]
      Failed executing DbCommand (158ms) [Parameters=[], CommandType='Text', CommandTimeout='30']
      SELECT TOP(1) [s].[Id], [s].[Address], [s].[CreatedAt], [s].[Email], [s].[FacebookUrl], [s].[FaviconUrl], [s].[InstagramUrl], [s].[IsActive], [s].[LogoUrl], [s].[Phone], [s].[SiteDescription], [s].[SiteKeywords], [s].[SiteTitle], [s].[TwitterUrl], [s].[UpdatedAt], [s].[WorkingHours], [s].[YoutubeUrl]
      FROM [SiteSettings] AS [s]
      WHERE [s].[IsActive] = CAST(1 AS bit)
      ORDER BY COALESCE([s].[UpdatedAt], [s].[CreatedAt]) DESC
fail: Microsoft.EntityFrameworkCore.Query[10100]
      An exception occurred while iterating over the results of a query for context type 'manyasligida.Data.ApplicationDbContext'.
      Microsoft.Data.SqlClient.SqlException (0x80131904): Invalid column name 'IsActive'.
      Invalid column name 'FaviconUrl'.
      Invalid column name 'IsActive'.
      Invalid column name 'SiteKeywords'.
      Invalid column name 'TwitterUrl'.
      Invalid column name 'WorkingHours'.
      Invalid column name 'YoutubeUrl'.
         at Microsoft.Data.SqlClient.SqlCommand.<>c.<ExecuteDbDataReaderAsync>b__211_0(Task`1 result)
         at System.Threading.Tasks.ContinuationResultTaskFromResultTask`2.InnerInvoke()
         at System.Threading.ExecutionContext.RunInternal(ExecutionContext executionContext, ContextCallback callback, Object state)
      --- End of stack trace from previous location ---
         at System.Threading.ExecutionContext.RunInternal(ExecutionContext executionContext, ContextCallback callback, Object state)
         at System.Threading.Tasks.Task.ExecuteWithThreadLocal(Task& currentTaskSlot, Thread threadPoolThread)
      --- End of stack trace from previous location ---
         at Microsoft.EntityFrameworkCore.Storage.RelationalCommand.ExecuteReaderAsync(RelationalCommandParameterObject parameterObject, CancellationToken cancellationToken)
         at Microsoft.EntityFrameworkCore.Storage.RelationalCommand.ExecuteReaderAsync(RelationalCommandParameterObject parameterObject, CancellationToken cancellationToken)
         at Microsoft.EntityFrameworkCore.Query.Internal.SingleQueryingEnumerable`1.AsyncEnumerator.InitializeReaderAsync(AsyncEnumerator enumerator, CancellationToken cancellationToken)
         at Microsoft.EntityFrameworkCore.Storage.ExecutionStrategy.<>c__DisplayClass30_0`2.<<ExecuteAsync>b__0>d.MoveNext()
      --- End of stack trace from previous location ---
         at Microsoft.EntityFrameworkCore.Storage.ExecutionStrategy.ExecuteImplementationAsync[TState,TResult](Func`4 operation, Func`4 verifySucceeded, TState state, CancellationToken cancellationToken)
         at Microsoft.EntityFrameworkCore.Storage.ExecutionStrategy.ExecuteImplementationAsync[TState,TResult](Func`4 operation, Func`4 verifySucceeded, TState state, CancellationToken cancellationToken)
         at Microsoft.EntityFrameworkCore.Storage.ExecutionStrategy.ExecuteAsync[TState,TResult](TState state, Func`4 operation, Func`4 verifySucceeded, CancellationToken cancellationToken)
         at Microsoft.EntityFrameworkCore.Query.Internal.SingleQueryingEnumerable`1.AsyncEnumerator.MoveNextAsync()
      ClientConnectionId:35bbd70c-39b7-44ab-89ea-3743f761a8a7
      Error Number:207,State:1,Class:16
      Microsoft.Data.SqlClient.SqlException (0x80131904): Invalid column name 'IsActive'.
      Invalid column name 'FaviconUrl'.
      Invalid column name 'IsActive'.
      Invalid column name 'SiteKeywords'.
      Invalid column name 'TwitterUrl'.
      Invalid column name 'WorkingHours'.
      Invalid column name 'YoutubeUrl'.
         at Microsoft.Data.SqlClient.SqlCommand.<>c.<ExecuteDbDataReaderAsync>b__211_0(Task`1 result)
         at System.Threading.Tasks.ContinuationResultTaskFromResultTask`2.InnerInvoke()
         at System.Threading.ExecutionContext.RunInternal(ExecutionContext executionContext, ContextCallback callback, Object state)
      --- End of stack trace from previous location ---
         at System.Threading.ExecutionContext.RunInternal(ExecutionContext executionContext, ContextCallback callback, Object state)
         at System.Threading.Tasks.Task.ExecuteWithThreadLocal(Task& currentTaskSlot, Thread threadPoolThread)
      --- End of stack trace from previous location ---
         at Microsoft.EntityFrameworkCore.Storage.RelationalCommand.ExecuteReaderAsync(RelationalCommandParameterObject parameterObject, CancellationToken cancellationToken)
         at Microsoft.EntityFrameworkCore.Storage.RelationalCommand.ExecuteReaderAsync(RelationalCommandParameterObject parameterObject, CancellationToken cancellationToken)
         at Microsoft.EntityFrameworkCore.Query.Internal.SingleQueryingEnumerable`1.AsyncEnumerator.InitializeReaderAsync(AsyncEnumerator enumerator, CancellationToken cancellationToken)
         at Microsoft.EntityFrameworkCore.Storage.ExecutionStrategy.<>c__DisplayClass30_0`2.<<ExecuteAsync>b__0>d.MoveNext()
      --- End of stack trace from previous location ---
         at Microsoft.EntityFrameworkCore.Storage.ExecutionStrategy.ExecuteImplementationAsync[TState,TResult](Func`4 operation, Func`4 verifySucceeded, TState state, CancellationToken cancellationToken)
         at Microsoft.EntityFrameworkCore.Storage.ExecutionStrategy.ExecuteImplementationAsync[TState,TResult](Func`4 operation, Func`4 verifySucceeded, TState state, CancellationToken cancellationToken)
         at Microsoft.EntityFrameworkCore.Storage.ExecutionStrategy.ExecuteAsync[TState,TResult](TState state, Func`4 operation, Func`4 verifySucceeded, CancellationToken cancellationToken)
         at Microsoft.EntityFrameworkCore.Query.Internal.SingleQueryingEnumerable`1.AsyncEnumerator.MoveNextAsync()
      ClientConnectionId:35bbd70c-39b7-44ab-89ea-3743f761a8a7
      Error Number:207,State:1,Class:16
fail: manyasligida.Services.SiteSettingsService[0]
      Error getting site settings
      Microsoft.Data.SqlClient.SqlException (0x80131904): Invalid column name 'IsActive'.
      Invalid column name 'FaviconUrl'.
      Invalid column name 'IsActive'.
      Invalid column name 'SiteKeywords'.
      Invalid column name 'TwitterUrl'.
      Invalid column name 'WorkingHours'.
      Invalid column name 'YoutubeUrl'.
         at Microsoft.Data.SqlClient.SqlCommand.<>c.<ExecuteDbDataReaderAsync>b__211_0(Task`1 result)
         at System.Threading.Tasks.ContinuationResultTaskFromResultTask`2.InnerInvoke()
         at System.Threading.ExecutionContext.RunInternal(ExecutionContext executionContext, ContextCallback callback, Object state)
      --- End of stack trace from previous location ---
         at System.Threading.ExecutionContext.RunInternal(ExecutionContext executionContext, ContextCallback callback, Object state)
         at System.Threading.Tasks.Task.ExecuteWithThreadLocal(Task& currentTaskSlot, Thread threadPoolThread)
      --- End of stack trace from previous location ---
         at Microsoft.EntityFrameworkCore.Storage.RelationalCommand.ExecuteReaderAsync(RelationalCommandParameterObject parameterObject, CancellationToken cancellationToken)
         at Microsoft.EntityFrameworkCore.Storage.RelationalCommand.ExecuteReaderAsync(RelationalCommandParameterObject parameterObject, CancellationToken cancellationToken)
         at Microsoft.EntityFrameworkCore.Query.Internal.SingleQueryingEnumerable`1.AsyncEnumerator.InitializeReaderAsync(AsyncEnumerator enumerator, CancellationToken cancellationToken)
         at Microsoft.EntityFrameworkCore.Storage.ExecutionStrategy.<>c__DisplayClass30_0`2.<<ExecuteAsync>b__0>d.MoveNext()
      --- End of stack trace from previous location ---
         at Microsoft.EntityFrameworkCore.Storage.ExecutionStrategy.ExecuteImplementationAsync[TState,TResult](Func`4 operation, Func`4 verifySucceeded, TState state, CancellationToken cancellationToken)
         at Microsoft.EntityFrameworkCore.Storage.ExecutionStrategy.ExecuteImplementationAsync[TState,TResult](Func`4 operation, Func`4 verifySucceeded, TState state, CancellationToken cancellationToken)
         at Microsoft.EntityFrameworkCore.Storage.ExecutionStrategy.ExecuteAsync[TState,TResult](TState state, Func`4 operation, Func`4 verifySucceeded, CancellationToken cancellationToken)
         at Microsoft.EntityFrameworkCore.Query.Internal.SingleQueryingEnumerable`1.AsyncEnumerator.MoveNextAsync()
         at Microsoft.EntityFrameworkCore.Query.ShapedQueryCompilingExpressionVisitor.SingleOrDefaultAsync[TSource](IAsyncEnumerable`1 asyncEnumerable, CancellationToken cancellationToken)
         at Microsoft.EntityFrameworkCore.Query.ShapedQueryCompilingExpressionVisitor.SingleOrDefaultAsync[TSource](IAsyncEnumerable`1 asyncEnumerable, CancellationToken cancellationToken)
         at manyasligida.Services.SiteSettingsService.GetAsync() in C:\Users\pc\manyasligida\Services\SiteSettingsService.cs:line 29
      ClientConnectionId:35bbd70c-39b7-44ab-89ea-3743f761a8a7
      Error Number:207,State:1,Class:16
Connection string configured: True
Connection string configured: True
info: Microsoft.EntityFrameworkCore.Database.Command[20101]
      Executed DbCommand (158ms) [Parameters=[], CommandType='Text', CommandTimeout='30']
      SELECT [c].[Id], [c].[CreatedAt], [c].[Description], [c].[DisplayOrder], [c].[ImageUrl], [c].[IsActive], [c].[Name], [c].[UpdatedAt]
      FROM [Categories] AS [c]
      WHERE [c].[IsActive] = CAST(1 AS bit)
fail: Microsoft.EntityFrameworkCore.Database.Command[20102]
      Failed executing DbCommand (155ms) [Parameters=[], CommandType='Text', CommandTimeout='30']
      SELECT TOP(1) [s].[Id], [s].[Address], [s].[CreatedAt], [s].[Email], [s].[FacebookUrl], [s].[FaviconUrl], [s].[InstagramUrl], [s].[IsActive], [s].[LogoUrl], [s].[Phone], [s].[SiteDescription], [s].[SiteKeywords], [s].[SiteTitle], [s].[TwitterUrl], [s].[UpdatedAt], [s].[WorkingHours], [s].[YoutubeUrl]
      FROM [SiteSettings] AS [s]
      WHERE [s].[IsActive] = CAST(1 AS bit)
      ORDER BY COALESCE([s].[UpdatedAt], [s].[CreatedAt]) DESC
fail: Microsoft.EntityFrameworkCore.Query[10100]
      An exception occurred while iterating over the results of a query for context type 'manyasligida.Data.ApplicationDbContext'.
      Microsoft.Data.SqlClient.SqlException (0x80131904): Invalid column name 'IsActive'.
      Invalid column name 'FaviconUrl'.
      Invalid column name 'IsActive'.
      Invalid column name 'SiteKeywords'.
      Invalid column name 'TwitterUrl'.
      Invalid column name 'WorkingHours'.
      Invalid column name 'YoutubeUrl'.
         at Microsoft.Data.SqlClient.SqlCommand.<>c.<ExecuteDbDataReaderAsync>b__211_0(Task`1 result)
         at System.Threading.Tasks.ContinuationResultTaskFromResultTask`2.InnerInvoke()
         at System.Threading.ExecutionContext.RunInternal(ExecutionContext executionContext, ContextCallback callback, Object state)
      --- End of stack trace from previous location ---
         at System.Threading.ExecutionContext.RunInternal(ExecutionContext executionContext, ContextCallback callback, Object state)
         at System.Threading.Tasks.Task.ExecuteWithThreadLocal(Task& currentTaskSlot, Thread threadPoolThread)
      --- End of stack trace from previous location ---
         at Microsoft.EntityFrameworkCore.Storage.RelationalCommand.ExecuteReaderAsync(RelationalCommandParameterObject parameterObject, CancellationToken cancellationToken)
         at Microsoft.EntityFrameworkCore.Storage.RelationalCommand.ExecuteReaderAsync(RelationalCommandParameterObject parameterObject, CancellationToken cancellationToken)
         at Microsoft.EntityFrameworkCore.Query.Internal.SingleQueryingEnumerable`1.AsyncEnumerator.InitializeReaderAsync(AsyncEnumerator enumerator, CancellationToken cancellationToken)
         at Microsoft.EntityFrameworkCore.Storage.ExecutionStrategy.<>c__DisplayClass30_0`2.<<ExecuteAsync>b__0>d.MoveNext()
      --- End of stack trace from previous location ---
         at Microsoft.EntityFrameworkCore.Storage.ExecutionStrategy.ExecuteImplementationAsync[TState,TResult](Func`4 operation, Func`4 verifySucceeded, TState state, CancellationToken cancellationToken)
         at Microsoft.EntityFrameworkCore.Storage.ExecutionStrategy.ExecuteImplementationAsync[TState,TResult](Func`4 operation, Func`4 verifySucceeded, TState state, CancellationToken cancellationToken)
         at Microsoft.EntityFrameworkCore.Storage.ExecutionStrategy.ExecuteAsync[TState,TResult](TState state, Func`4 operation, Func`4 verifySucceeded, CancellationToken cancellationToken)
         at Microsoft.EntityFrameworkCore.Query.Internal.SingleQueryingEnumerable`1.AsyncEnumerator.MoveNextAsync()
      ClientConnectionId:35bbd70c-39b7-44ab-89ea-3743f761a8a7
      Error Number:207,State:1,Class:16
      Microsoft.Data.SqlClient.SqlException (0x80131904): Invalid column name 'IsActive'.
      Invalid column name 'FaviconUrl'.
      Invalid column name 'IsActive'.
      Invalid column name 'SiteKeywords'.
      Invalid column name 'TwitterUrl'.
      Invalid column name 'WorkingHours'.
      Invalid column name 'YoutubeUrl'.
         at Microsoft.Data.SqlClient.SqlCommand.<>c.<ExecuteDbDataReaderAsync>b__211_0(Task`1 result)
         at System.Threading.Tasks.ContinuationResultTaskFromResultTask`2.InnerInvoke()
         at System.Threading.ExecutionContext.RunInternal(ExecutionContext executionContext, ContextCallback callback, Object state)
      --- End of stack trace from previous location ---
         at System.Threading.ExecutionContext.RunInternal(ExecutionContext executionContext, ContextCallback callback, Object state)
         at System.Threading.Tasks.Task.ExecuteWithThreadLocal(Task& currentTaskSlot, Thread threadPoolThread)
      --- End of stack trace from previous location ---
         at Microsoft.EntityFrameworkCore.Storage.RelationalCommand.ExecuteReaderAsync(RelationalCommandParameterObject parameterObject, CancellationToken cancellationToken)
         at Microsoft.EntityFrameworkCore.Storage.RelationalCommand.ExecuteReaderAsync(RelationalCommandParameterObject parameterObject, CancellationToken cancellationToken)
         at Microsoft.EntityFrameworkCore.Query.Internal.SingleQueryingEnumerable`1.AsyncEnumerator.InitializeReaderAsync(AsyncEnumerator enumerator, CancellationToken cancellationToken)
         at Microsoft.EntityFrameworkCore.Storage.ExecutionStrategy.<>c__DisplayClass30_0`2.<<ExecuteAsync>b__0>d.MoveNext()
      --- End of stack trace from previous location ---
         at Microsoft.EntityFrameworkCore.Storage.ExecutionStrategy.ExecuteImplementationAsync[TState,TResult](Func`4 operation, Func`4 verifySucceeded, TState state, CancellationToken cancellationToken)
         at Microsoft.EntityFrameworkCore.Storage.ExecutionStrategy.ExecuteImplementationAsync[TState,TResult](Func`4 operation, Func`4 verifySucceeded, TState state, CancellationToken cancellationToken)
         at Microsoft.EntityFrameworkCore.Storage.ExecutionStrategy.ExecuteAsync[TState,TResult](TState state, Func`4 operation, Func`4 verifySucceeded, CancellationToken cancellationToken)
         at Microsoft.EntityFrameworkCore.Query.Internal.SingleQueryingEnumerable`1.AsyncEnumerator.MoveNextAsync()
      ClientConnectionId:35bbd70c-39b7-44ab-89ea-3743f761a8a7
      Error Number:207,State:1,Class:16
fail: manyasligida.Services.SiteSettingsService[0]
      Error getting site settings
      Microsoft.Data.SqlClient.SqlException (0x80131904): Invalid column name 'IsActive'.
      Invalid column name 'FaviconUrl'.
      Invalid column name 'IsActive'.
      Invalid column name 'SiteKeywords'.
      Invalid column name 'TwitterUrl'.
      Invalid column name 'WorkingHours'.
      Invalid column name 'YoutubeUrl'.
         at Microsoft.Data.SqlClient.SqlCommand.<>c.<ExecuteDbDataReaderAsync>b__211_0(Task`1 result)
         at System.Threading.Tasks.ContinuationResultTaskFromResultTask`2.InnerInvoke()
         at System.Threading.ExecutionContext.RunInternal(ExecutionContext executionContext, ContextCallback callback, Object state)
      --- End of stack trace from previous location ---
         at System.Threading.ExecutionContext.RunInternal(ExecutionContext executionContext, ContextCallback callback, Object state)
         at System.Threading.Tasks.Task.ExecuteWithThreadLocal(Task& currentTaskSlot, Thread threadPoolThread)
      --- End of stack trace from previous location ---
         at Microsoft.EntityFrameworkCore.Storage.RelationalCommand.ExecuteReaderAsync(RelationalCommandParameterObject parameterObject, CancellationToken cancellationToken)
         at Microsoft.EntityFrameworkCore.Storage.RelationalCommand.ExecuteReaderAsync(RelationalCommandParameterObject parameterObject, CancellationToken cancellationToken)
         at Microsoft.EntityFrameworkCore.Query.Internal.SingleQueryingEnumerable`1.AsyncEnumerator.InitializeReaderAsync(AsyncEnumerator enumerator, CancellationToken cancellationToken)
         at Microsoft.EntityFrameworkCore.Storage.ExecutionStrategy.<>c__DisplayClass30_0`2.<<ExecuteAsync>b__0>d.MoveNext()
      --- End of stack trace from previous location ---
         at Microsoft.EntityFrameworkCore.Storage.ExecutionStrategy.ExecuteImplementationAsync[TState,TResult](Func`4 operation, Func`4 verifySucceeded, TState state, CancellationToken cancellationToken)
         at Microsoft.EntityFrameworkCore.Storage.ExecutionStrategy.ExecuteImplementationAsync[TState,TResult](Func`4 operation, Func`4 verifySucceeded, TState state, CancellationToken cancellationToken)
         at Microsoft.EntityFrameworkCore.Storage.ExecutionStrategy.ExecuteAsync[TState,TResult](TState state, Func`4 operation, Func`4 verifySucceeded, CancellationToken cancellationToken)
         at Microsoft.EntityFrameworkCore.Query.Internal.SingleQueryingEnumerable`1.AsyncEnumerator.MoveNextAsync()
         at Microsoft.EntityFrameworkCore.Query.ShapedQueryCompilingExpressionVisitor.SingleOrDefaultAsync[TSource](IAsyncEnumerable`1 asyncEnumerable, CancellationToken cancellationToken)
         at Microsoft.EntityFrameworkCore.Query.ShapedQueryCompilingExpressionVisitor.SingleOrDefaultAsync[TSource](IAsyncEnumerable`1 asyncEnumerable, CancellationToken cancellationToken)
         at manyasligida.Services.SiteSettingsService.GetAsync() in C:\Users\pc\manyasligida\Services\SiteSettingsService.cs:line 29
      ClientConnectionId:35bbd70c-39b7-44ab-89ea-3743f761a8a7
      Error Number:207,State:1,Class:16
info: Microsoft.EntityFrameworkCore.Database.Command[20101]
      Executed DbCommand (153ms) [Parameters=[], CommandType='Text', CommandTimeout='30']
      SELECT TOP(1) [a].[Id], [a].[CertificateItems], [a].[CertificatesSubtitle], [a].[CertificatesTitle], [a].[CreatedAt], [a].[CtaButtonText], [a].[CtaContent], [a].[CtaSecondButtonText], [a].[CtaTitle], [a].[IsActive], [a].[MissionContent], [a].[MissionTitle], [a].[ProductionSteps], [a].[ProductionSubtitle], [a].[ProductionTitle], [a].[RegionContent], [a].[RegionFeatures], [a].[RegionImageUrl], [a].[RegionSubtitle], [a].[RegionTitle], [a].[StoryContent], [a].[StoryFeatures], [a].[StoryImageUrl], [a].[StorySubtitle], [a].[StoryTitle], [a].[Subtitle], [a].[Title], [a].[UpdatedAt], [a].[ValueItems], [a].[ValuesContent], [a].[ValuesSubtitle], [a].[ValuesTitle], [a].[VisionContent], [a].[VisionTitle]
      FROM [AboutContents] AS [a]
      WHERE [a].[IsActive] = CAST(1 AS bit)
      ORDER BY [a].[UpdatedAt] DESC
Connection string configured: True
Connection string configured: True
info: Microsoft.EntityFrameworkCore.Database.Command[20101]
      Executed DbCommand (154ms) [Parameters=[], CommandType='Text', CommandTimeout='30']
      SELECT COUNT(*)
      FROM [Blogs] AS [b]
      WHERE [b].[IsActive] = CAST(1 AS bit)
info: Microsoft.EntityFrameworkCore.Database.Command[20101]
      Executed DbCommand (153ms) [Parameters=[@__p_0='?' (DbType = Int32), @__p_1='?' (DbType = Int32)], CommandType='Text', CommandTimeout='30']
      SELECT [b].[Id], COALESCE([b].[Title], N'') AS [Title], COALESCE([b].[Content], N'') AS [Content], COALESCE([b].[ImageUrl], N'') AS [ImageUrl], [b].[IsActive], [b].[CreatedAt], [b].[UpdatedAt], [b].[PublishedAt], COALESCE([b].[Summary], N'') AS [Summary], COALESCE([b].[Author], N'') AS [Author]
      FROM [Blogs] AS [b]
      WHERE [b].[IsActive] = CAST(1 AS bit)
      ORDER BY COALESCE([b].[PublishedAt], [b].[CreatedAt]) DESC
      OFFSET @__p_0 ROWS FETCH NEXT @__p_1 ROWS ONLY
info: Microsoft.EntityFrameworkCore.Database.Command[20101]
      Executed DbCommand (155ms) [Parameters=[], CommandType='Text', CommandTimeout='30']
      SELECT [c].[Id], [c].[CreatedAt], [c].[Description], [c].[DisplayOrder], [c].[ImageUrl], [c].[IsActive], [c].[Name], [c].[UpdatedAt]
      FROM [Categories] AS [c]
      WHERE [c].[IsActive] = CAST(1 AS bit)
fail: Microsoft.EntityFrameworkCore.Database.Command[20102]
      Failed executing DbCommand (171ms) [Parameters=[], CommandType='Text', CommandTimeout='30']
      SELECT TOP(1) [s].[Id], [s].[Address], [s].[CreatedAt], [s].[Email], [s].[FacebookUrl], [s].[FaviconUrl], [s].[InstagramUrl], [s].[IsActive], [s].[LogoUrl], [s].[Phone], [s].[SiteDescription], [s].[SiteKeywords], [s].[SiteTitle], [s].[TwitterUrl], [s].[UpdatedAt], [s].[WorkingHours], [s].[YoutubeUrl]
      FROM [SiteSettings] AS [s]
      WHERE [s].[IsActive] = CAST(1 AS bit)
      ORDER BY COALESCE([s].[UpdatedAt], [s].[CreatedAt]) DESC
fail: Microsoft.EntityFrameworkCore.Query[10100]
      An exception occurred while iterating over the results of a query for context type 'manyasligida.Data.ApplicationDbContext'.
      Microsoft.Data.SqlClient.SqlException (0x80131904): Invalid column name 'IsActive'.
      Invalid column name 'FaviconUrl'.
      Invalid column name 'IsActive'.
      Invalid column name 'SiteKeywords'.
      Invalid column name 'TwitterUrl'.
      Invalid column name 'WorkingHours'.
      Invalid column name 'YoutubeUrl'.
         at Microsoft.Data.SqlClient.SqlCommand.<>c.<ExecuteDbDataReaderAsync>b__211_0(Task`1 result)
         at System.Threading.Tasks.ContinuationResultTaskFromResultTask`2.InnerInvoke()
         at System.Threading.ExecutionContext.RunInternal(ExecutionContext executionContext, ContextCallback callback, Object state)
      --- End of stack trace from previous location ---
         at System.Threading.ExecutionContext.RunInternal(ExecutionContext executionContext, ContextCallback callback, Object state)
         at System.Threading.Tasks.Task.ExecuteWithThreadLocal(Task& currentTaskSlot, Thread threadPoolThread)
      --- End of stack trace from previous location ---
         at Microsoft.EntityFrameworkCore.Storage.RelationalCommand.ExecuteReaderAsync(RelationalCommandParameterObject parameterObject, CancellationToken cancellationToken)
         at Microsoft.EntityFrameworkCore.Storage.RelationalCommand.ExecuteReaderAsync(RelationalCommandParameterObject parameterObject, CancellationToken cancellationToken)
         at Microsoft.EntityFrameworkCore.Query.Internal.SingleQueryingEnumerable`1.AsyncEnumerator.InitializeReaderAsync(AsyncEnumerator enumerator, CancellationToken cancellationToken)
         at Microsoft.EntityFrameworkCore.Storage.ExecutionStrategy.<>c__DisplayClass30_0`2.<<ExecuteAsync>b__0>d.MoveNext()
      --- End of stack trace from previous location ---
         at Microsoft.EntityFrameworkCore.Storage.ExecutionStrategy.ExecuteImplementationAsync[TState,TResult](Func`4 operation, Func`4 verifySucceeded, TState state, CancellationToken cancellationToken)
         at Microsoft.EntityFrameworkCore.Storage.ExecutionStrategy.ExecuteImplementationAsync[TState,TResult](Func`4 operation, Func`4 verifySucceeded, TState state, CancellationToken cancellationToken)
         at Microsoft.EntityFrameworkCore.Storage.ExecutionStrategy.ExecuteAsync[TState,TResult](TState state, Func`4 operation, Func`4 verifySucceeded, CancellationToken cancellationToken)
         at Microsoft.EntityFrameworkCore.Query.Internal.SingleQueryingEnumerable`1.AsyncEnumerator.MoveNextAsync()
      ClientConnectionId:35bbd70c-39b7-44ab-89ea-3743f761a8a7
      Error Number:207,State:1,Class:16
      Microsoft.Data.SqlClient.SqlException (0x80131904): Invalid column name 'IsActive'.
      Invalid column name 'FaviconUrl'.
      Invalid column name 'IsActive'.
      Invalid column name 'SiteKeywords'.
      Invalid column name 'TwitterUrl'.
      Invalid column name 'WorkingHours'.
      Invalid column name 'YoutubeUrl'.
         at Microsoft.Data.SqlClient.SqlCommand.<>c.<ExecuteDbDataReaderAsync>b__211_0(Task`1 result)
         at System.Threading.Tasks.ContinuationResultTaskFromResultTask`2.InnerInvoke()
         at System.Threading.ExecutionContext.RunInternal(ExecutionContext executionContext, ContextCallback callback, Object state)
      --- End of stack trace from previous location ---
         at System.Threading.ExecutionContext.RunInternal(ExecutionContext executionContext, ContextCallback callback, Object state)
         at System.Threading.Tasks.Task.ExecuteWithThreadLocal(Task& currentTaskSlot, Thread threadPoolThread)
      --- End of stack trace from previous location ---
         at Microsoft.EntityFrameworkCore.Storage.RelationalCommand.ExecuteReaderAsync(RelationalCommandParameterObject parameterObject, CancellationToken cancellationToken)
         at Microsoft.EntityFrameworkCore.Storage.RelationalCommand.ExecuteReaderAsync(RelationalCommandParameterObject parameterObject, CancellationToken cancellationToken)
         at Microsoft.EntityFrameworkCore.Query.Internal.SingleQueryingEnumerable`1.AsyncEnumerator.InitializeReaderAsync(AsyncEnumerator enumerator, CancellationToken cancellationToken)
         at Microsoft.EntityFrameworkCore.Storage.ExecutionStrategy.<>c__DisplayClass30_0`2.<<ExecuteAsync>b__0>d.MoveNext()
      --- End of stack trace from previous location ---
         at Microsoft.EntityFrameworkCore.Storage.ExecutionStrategy.ExecuteImplementationAsync[TState,TResult](Func`4 operation, Func`4 verifySucceeded, TState state, CancellationToken cancellationToken)
         at Microsoft.EntityFrameworkCore.Storage.ExecutionStrategy.ExecuteImplementationAsync[TState,TResult](Func`4 operation, Func`4 verifySucceeded, TState state, CancellationToken cancellationToken)
         at Microsoft.EntityFrameworkCore.Storage.ExecutionStrategy.ExecuteAsync[TState,TResult](TState state, Func`4 operation, Func`4 verifySucceeded, CancellationToken cancellationToken)
         at Microsoft.EntityFrameworkCore.Query.Internal.SingleQueryingEnumerable`1.AsyncEnumerator.MoveNextAsync()
      ClientConnectionId:35bbd70c-39b7-44ab-89ea-3743f761a8a7
      Error Number:207,State:1,Class:16
fail: manyasligida.Services.SiteSettingsService[0]
      Error getting site settings
      Microsoft.Data.SqlClient.SqlException (0x80131904): Invalid column name 'IsActive'.
      Invalid column name 'FaviconUrl'.
      Invalid column name 'IsActive'.
      Invalid column name 'SiteKeywords'.
      Invalid column name 'TwitterUrl'.
      Invalid column name 'WorkingHours'.
      Invalid column name 'YoutubeUrl'.
         at Microsoft.Data.SqlClient.SqlCommand.<>c.<ExecuteDbDataReaderAsync>b__211_0(Task`1 result)
         at System.Threading.Tasks.ContinuationResultTaskFromResultTask`2.InnerInvoke()
         at System.Threading.ExecutionContext.RunInternal(ExecutionContext executionContext, ContextCallback callback, Object state)
      --- End of stack trace from previous location ---
         at System.Threading.ExecutionContext.RunInternal(ExecutionContext executionContext, ContextCallback callback, Object state)
         at System.Threading.Tasks.Task.ExecuteWithThreadLocal(Task& currentTaskSlot, Thread threadPoolThread)
      --- End of stack trace from previous location ---
         at Microsoft.EntityFrameworkCore.Storage.RelationalCommand.ExecuteReaderAsync(RelationalCommandParameterObject parameterObject, CancellationToken cancellationToken)
         at Microsoft.EntityFrameworkCore.Storage.RelationalCommand.ExecuteReaderAsync(RelationalCommandParameterObject parameterObject, CancellationToken cancellationToken)
         at Microsoft.EntityFrameworkCore.Query.Internal.SingleQueryingEnumerable`1.AsyncEnumerator.InitializeReaderAsync(AsyncEnumerator enumerator, CancellationToken cancellationToken)
         at Microsoft.EntityFrameworkCore.Storage.ExecutionStrategy.<>c__DisplayClass30_0`2.<<ExecuteAsync>b__0>d.MoveNext()
      --- End of stack trace from previous location ---
         at Microsoft.EntityFrameworkCore.Storage.ExecutionStrategy.ExecuteImplementationAsync[TState,TResult](Func`4 operation, Func`4 verifySucceeded, TState state, CancellationToken cancellationToken)
         at Microsoft.EntityFrameworkCore.Storage.ExecutionStrategy.ExecuteImplementationAsync[TState,TResult](Func`4 operation, Func`4 verifySucceeded, TState state, CancellationToken cancellationToken)
         at Microsoft.EntityFrameworkCore.Storage.ExecutionStrategy.ExecuteAsync[TState,TResult](TState state, Func`4 operation, Func`4 verifySucceeded, CancellationToken cancellationToken)
         at Microsoft.EntityFrameworkCore.Query.Internal.SingleQueryingEnumerable`1.AsyncEnumerator.MoveNextAsync()
         at Microsoft.EntityFrameworkCore.Query.ShapedQueryCompilingExpressionVisitor.SingleOrDefaultAsync[TSource](IAsyncEnumerable`1 asyncEnumerable, CancellationToken cancellationToken)
         at Microsoft.EntityFrameworkCore.Query.ShapedQueryCompilingExpressionVisitor.SingleOrDefaultAsync[TSource](IAsyncEnumerable`1 asyncEnumerable, CancellationToken cancellationToken)
         at manyasligida.Services.SiteSettingsService.GetAsync() in C:\Users\pc\manyasligida\Services\SiteSettingsService.cs:line 29
      ClientConnectionId:35bbd70c-39b7-44ab-89ea-3743f761a8a7
      Error Number:207,State:1,Class:16
