info: Microsoft.Hosting.Lifetime[0]
      Application started. Press Ctrl+C to shut down.
info: Microsoft.Hosting.Lifetime[0]
      Hosting environment: Development
info: Microsoft.Hosting.Lifetime[0]
      Content root path: C:\Users\pc\manyasligida
info: manyasligida.Controllers.HomeController[0]
      Home page requested
info: Microsoft.EntityFrameworkCore.Database.Command[20101]
      Executed DbCommand (185ms) [Parameters=[@__p_0='?' (DbType = Int32)], CommandType='Text', CommandTimeout='60']
      SELECT TOP(@__p_0) [p].[Id], [p].[Name], [p].[Description], [p].[Price], [p].[ImageUrl], [p].[IsPopular], [p].[CreatedAt], [p].[Weight], [p].[FatContent], [p].[OldPrice], CASE
          WHEN [p].[CreatedAt] > DATEADD(day, CAST(-30.0E0 AS int), GETDATE()) THEN CAST(1 AS bit)
          ELSE CAST(0 AS bit)
      END AS [IsNew]
      FROM [Products] AS [p]
      WHERE [p].[IsActive] = CAST(1 AS bit)
      ORDER BY [p].[IsPopular] DESC, [p].[CreatedAt] DESC
info: Microsoft.EntityFrameworkCore.Database.Command[20101]
      Executed DbCommand (175ms) [Parameters=[], CommandType='Text', CommandTimeout='60']
      SELECT [c].[Id], [c].[Name], [c].[Description]
      FROM [Categories] AS [c]
      WHERE [c].[IsActive] = CAST(1 AS bit)
      ORDER BY [c].[Name]
info: manyasligida.Controllers.HomeController[0]
      Home page loaded successfully. Products: 8, Categories: 4
warn: manyasligida.Services.PerformanceMonitorService[0]
      Slow request detected: / took 2244ms
warn: manyasligida.Middleware.PerformanceMonitoringMiddleware[0]
      Slow request: GET / took 2244ms from ::1
warn: Microsoft.WebTools.BrowserLink.Net.BrowserLinkMiddleware[4]
      Unable to configure Browser Link script injection on the response. This may have been caused by the response's Content-Encoding: 'br'. Consider disabling response compression.
warn: Microsoft.AspNetCore.Watch.BrowserRefresh.BrowserRefreshMiddleware[4]
      Unable to configure browser refresh script injection on the response. This may have been caused by the response's Content-Encoding: 'br'. Consider disabling response compression.
Cookie preferences: {"analytics":false,"marketing":false,"social":false}
info: Microsoft.EntityFrameworkCore.Database.Command[20101]
      Executed DbCommand (191ms) [Parameters=[], CommandType='Text', CommandTimeout='60']
      SELECT [c].[Id], [c].[CreatedAt], [c].[Description], [c].[DisplayOrder], [c].[ImageUrl], [c].[IsActive], [c].[Name], [c].[UpdatedAt]
      FROM [Categories] AS [c]
      WHERE [c].[IsActive] = CAST(1 AS bit)
warn: Microsoft.WebTools.BrowserLink.Net.BrowserLinkMiddleware[4]
      Unable to configure Browser Link script injection on the response. This may have been caused by the response's Content-Encoding: 'br'. Consider disabling response compression.
warn: Microsoft.AspNetCore.Watch.BrowserRefresh.BrowserRefreshMiddleware[4]
      Unable to configure browser refresh script injection on the response. This may have been caused by the response's Content-Encoding: 'br'. Consider disabling response compression.
warn: Microsoft.WebTools.BrowserLink.Net.BrowserLinkMiddleware[4]
      Unable to configure Browser Link script injection on the response. This may have been caused by the response's Content-Encoding: 'br'. Consider disabling response compression.
warn: Microsoft.AspNetCore.Watch.BrowserRefresh.BrowserRefreshMiddleware[4]
      Unable to configure browser refresh script injection on the response. This may have been caused by the response's Content-Encoding: 'br'. Consider disabling response compression.
warn: Microsoft.WebTools.BrowserLink.Net.BrowserLinkMiddleware[4]
      Unable to configure Browser Link script injection on the response. This may have been caused by the response's Content-Encoding: 'br'. Consider disabling response compression.
warn: Microsoft.AspNetCore.Watch.BrowserRefresh.BrowserRefreshMiddleware[4]
      Unable to configure browser refresh script injection on the response. This may have been caused by the response's Content-Encoding: 'br'. Consider disabling response compression.
info: Microsoft.EntityFrameworkCore.Database.Command[20101]
      Executed DbCommand (160ms) [Parameters=[], CommandType='Text', CommandTimeout='60']
      SELECT [c].[Id], [c].[CreatedAt], [c].[Description], [c].[DisplayOrder], [c].[ImageUrl], [c].[IsActive], [c].[Name], [c].[UpdatedAt]
      FROM [Categories] AS [c]
      WHERE [c].[IsActive] = CAST(1 AS bit)
warn: Microsoft.WebTools.BrowserLink.Net.BrowserLinkMiddleware[4]
      Unable to configure Browser Link script injection on the response. This may have been caused by the response's Content-Encoding: 'br'. Consider disabling response compression.
warn: Microsoft.AspNetCore.Watch.BrowserRefresh.BrowserRefreshMiddleware[4]
      Unable to configure browser refresh script injection on the response. This may have been caused by the response's Content-Encoding: 'br'. Consider disabling response compression.
info: Microsoft.EntityFrameworkCore.Database.Command[20101]
      Executed DbCommand (160ms) [Parameters=[], CommandType='Text', CommandTimeout='60']
      SELECT [f].[Id], [f].[Answer], [f].[Category], [f].[CreatedAt], [f].[DisplayOrder], [f].[IsActive], [f].[Question], [f].[UpdatedAt]
      FROM [FAQs] AS [f]
      WHERE [f].[IsActive] = CAST(1 AS bit)
      ORDER BY [f].[DisplayOrder]
info: Microsoft.EntityFrameworkCore.Database.Command[20101]
      Executed DbCommand (158ms) [Parameters=[], CommandType='Text', CommandTimeout='60']
      SELECT [c].[Id], [c].[CreatedAt], [c].[Description], [c].[DisplayOrder], [c].[ImageUrl], [c].[IsActive], [c].[Name], [c].[UpdatedAt]
      FROM [Categories] AS [c]
      WHERE [c].[IsActive] = CAST(1 AS bit)
warn: Microsoft.WebTools.BrowserLink.Net.BrowserLinkMiddleware[4]
      Unable to configure Browser Link script injection on the response. This may have been caused by the response's Content-Encoding: 'br'. Consider disabling response compression.
warn: Microsoft.AspNetCore.Watch.BrowserRefresh.BrowserRefreshMiddleware[4]
      Unable to configure browser refresh script injection on the response. This may have been caused by the response's Content-Encoding: 'br'. Consider disabling response compression.
info: Microsoft.EntityFrameworkCore.Database.Command[20101]
      Executed DbCommand (159ms) [Parameters=[], CommandType='Text', CommandTimeout='60']
      SELECT COUNT(*)
      FROM [Blogs] AS [b]
      WHERE [b].[IsActive] = CAST(1 AS bit)
info: Microsoft.EntityFrameworkCore.Database.Command[20101]
      Executed DbCommand (160ms) [Parameters=[@__p_0='?' (DbType = Int32), @__p_1='?' (DbType = Int32)], CommandType='Text', CommandTimeout='60']
      SELECT [b].[Id], [b].[Author], [b].[Content], [b].[CreatedAt], [b].[ImageUrl], [b].[IsActive], [b].[PublishedAt], [b].[Summary], [b].[Title], [b].[UpdatedAt]
      FROM [Blogs] AS [b]
      WHERE [b].[IsActive] = CAST(1 AS bit)
      ORDER BY COALESCE([b].[PublishedAt], [b].[CreatedAt]) DESC
      OFFSET @__p_0 ROWS FETCH NEXT @__p_1 ROWS ONLY
info: Microsoft.EntityFrameworkCore.Database.Command[20101]
      Executed DbCommand (160ms) [Parameters=[], CommandType='Text', CommandTimeout='60']
      SELECT [c].[Id], [c].[CreatedAt], [c].[Description], [c].[DisplayOrder], [c].[ImageUrl], [c].[IsActive], [c].[Name], [c].[UpdatedAt]
      FROM [Categories] AS [c]
      WHERE [c].[IsActive] = CAST(1 AS bit)
warn: Microsoft.WebTools.BrowserLink.Net.BrowserLinkMiddleware[4]
      Unable to configure Browser Link script injection on the response. This may have been caused by the response's Content-Encoding: 'br'. Consider disabling response compression.
warn: Microsoft.AspNetCore.Watch.BrowserRefresh.BrowserRefreshMiddleware[4]
      Unable to configure browser refresh script injection on the response. This may have been caused by the response's Content-Encoding: 'br'. Consider disabling response compression.
info: Microsoft.EntityFrameworkCore.Database.Command[20101]
      Executed DbCommand (171ms) [Parameters=[], CommandType='Text', CommandTimeout='60']
      SELECT [c].[Id], [c].[CreatedAt], [c].[Description], [c].[DisplayOrder], [c].[ImageUrl], [c].[IsActive], [c].[Name], [c].[UpdatedAt]
      FROM [Categories] A