info: Program[0]
      === APPLICATION STARTUP BEGIN ===
info: Program[0]
      Environment: Development
info: Program[0]
      Content Root: C:\Users\pc\manyasligida
info: Program[0]
      Web Root: C:\Users\pc\manyasligida\wwwroot
info: Program[0]
      ASPNETCORE_ENVIRONMENT: Development
info: Program[0]
      Connection string configured: True
info: Program[0]
      Development mode configured
info: Program[0]
      GlobalExceptionMiddleware registered
info: Program[0]
      PerformanceMonitoringMiddleware registered
info: Program[0]
      Response compression configured
info: Program[0]
      === APPLICATION STARTUP COMPLETE ===
info: Microsoft.Hosting.Lifetime[0]
      Application started. Press Ctrl+C to shut down.
info: Microsoft.Hosting.Lifetime[0]
      Hosting environment: Development
info: Microsoft.Hosting.Lifetime[0]
      Content root path: C:\Users\pc\manyasligida
info: manyasligida.Controllers.HomeController[0]
      Home page requested
info: Program[0]
      Connection string found: True
info: Program[0]
      Database server: tcp:manyasligida-server.database.windows.net,1433
info: Program[0]
      Connection string found: True
info: Program[0]
      Database server: tcp:manyasligida-server.database.windows.net,1433
info: Microsoft.EntityFrameworkCore.Database.Command[20101]
      Executed DbCommand (200ms) [Parameters=[@__p_0='?' (DbType = Int32)], CommandType='Text', CommandTimeout='30']
      SELECT TOP(@__p_0) [p].[Id], [p].[Name], [p].[Description], [p].[Price], [p].[ImageUrl], [p].[IsPopular], [p].[CreatedAt], [p].[Weight], [p].[FatContent], [p].[OldPrice], CASE
          WHEN [p].[CreatedAt] > DATEADD(day, CAST(-30.0E0 AS int), GETDATE()) THEN CAST(1 AS bit)
          ELSE CAST(0 AS bit)
      END AS [IsNew]
      FROM [Products] AS [p]
      WHERE [p].[IsActive] = CAST(1 AS bit)
      ORDER BY [p].[IsPopular] DESC, [p].[CreatedAt] DESC
info: Microsoft.EntityFrameworkCore.Database.Command[20101]
      Executed DbCommand (161ms) [Parameters=[], CommandType='Text', CommandTimeout='30']
      SELECT [c].[Id], [c].[Name], [c].[Description]
      FROM [Categories] AS [c]
      WHERE [c].[IsActive] = CAST(1 AS bit)
      ORDER BY [c].[Name]
info: manyasligida.Controllers.HomeController[0]
      Home page loaded successfully. Products: 8, Categories: 4
warn: manyasligida.Services.PerformanceMonitorService[0]
      Slow request detected: / took 2536ms
warn: manyasligida.Middleware.PerformanceMonitoringMiddleware[0]
      Slow request: GET / took 2536ms from ::1
warn: Microsoft.WebTools.BrowserLink.Net.BrowserLinkMiddleware[4]
      Unable to configure Browser Link script injection on the response. This may have been caused by the response's Content-Encoding: 'br'. Consider disabling response compression.
warn: Microsoft.AspNetCore.Watch.BrowserRefresh.BrowserRefreshMiddleware[4]
      Unable to configure browser refresh script injection on the response. This may have been caused by the response's Content-Encoding: 'br'. Consider disabling response compression.
Cookie preferences: {"analytics":true,"marketing":true,"social":true}
info: manyasligida.Controllers.HomeController[0]
      Home page requested
info: Program[0]
      Connection string found: True
info: Program[0]
      Database server: tcp:manyasligida-server.database.windows.net,1433
info: Program[0]
      Connection string found: True
info: Program[0]
      Database server: tcp:manyasligida-server.database.windows.net,1433
info: Microsoft.EntityFrameworkCore.Database.Command[20101]
      Executed DbCommand (164ms) [Parameters=[@__p_0='?' (DbType = Int32)], CommandType='Text', CommandTimeout='30']
      SELECT TOP(@__p_0) [p].[Id], [p].[Name], [p].[Description], [p].[Price], [p].[ImageUrl], [p].[IsPopular], [p].[CreatedAt], [p].[Weight], [p].[FatContent], [p].[OldPrice], CASE
          WHEN [p].[CreatedAt] > DATEADD(day, CAST(-30.0E0 AS int), GETDATE()) THEN CAST(1 AS bit)
          ELSE CAST(0 AS bit)
      END AS [IsNew]
      FROM [Products] AS [p]
      WHERE [p].[IsActive] = CAST(1 AS bit)
      ORDER BY [p].[IsPopular] DESC, [p].[CreatedAt] DESC
info: Microsoft.EntityFrameworkCore.Database.Command[20101]
      Executed DbCommand (161ms) [Parameters=[], CommandType='Text', CommandTimeout='30']
      SELECT [c].[Id], [c].[Name], [c].[Description]
      FROM [Categories] AS [c]
      WHERE [c].[IsActive] = CAST(1 AS bit)
      ORDER BY [c].[Name]
info: manyasligida.Controllers.HomeController[0]
      Home page loaded successfully. Products: 8, Categories: 4
warn: Microsoft.WebTools.BrowserLink.Net.BrowserLinkMiddleware[4]
      Unable to configure Browser Link script injection on the response. This may have been caused by the response's Content-Encoding: 'br'. Consider disabling response compression.
warn: Microsoft.AspNetCore.Watch.BrowserRefresh.BrowserRefreshMiddleware[4]
      Unable to configure browser refresh script injection on the response. This may have been caused by the response's Content-Encoding: 'br'. Consider disabling response compression.
info: Program[0]
      Connection string found: True
info: Program[0]
      Database server: tcp:manyasligida-server.database.windows.net,1433
info: Microsoft.EntityFrameworkCore.Database.Command[20101]
      Executed DbCommand (175ms) [Parameters=[], CommandType='Text', CommandTimeout='30']
      SELECT COUNT(*)
      FROM [Products] AS [p]
      WHERE [p].[IsActive] = CAST(1 AS bit)
info: Microsoft.EntityFrameworkCore.Database.Command[20101]
      Executed DbCommand (175ms) [Parameters=[@__p_0='?' (DbType = Int32), @__p_1='?' (DbType = Int32)], CommandType='Text', CommandTimeout='30']
      SELECT [t].[Id], [t].[AllergenInfo], [t].[CategoryId], [t].[CreatedAt], [t].[Description], [t].[ExpiryInfo], [t].[FatContent], [t].[ImageUrl], [t].[ImageUrls], [t].[Ingredients], [t].[IsActive], [t].[IsFeatured], [t].[IsNew], [t].[IsPopular], [t].[MetaDescription], [t].[MetaKeywords], [t].[MetaTitle], [t].[Name], [t].[NutritionalInfo], [t].[OldPrice], [t].[Price], [t].[PublishedAt], [t].[Slug], [t].[SortOrder], [t].[StockQuantity], [t].[StorageInfo], [t].[ThumbnailUrl], [t].[UpdatedAt], [t].[Weight], [c].[Id], [c].[CreatedAt], [c].[Description], [c].[DisplayOrder], [c].[ImageUrl], [c].[IsActive], [c].[Name], [c].[UpdatedAt]
      FROM (
          SELECT [p].[Id], [p].[AllergenInfo], [p].[CategoryId], [p].[CreatedAt], [p].[Description], [p].[ExpiryInfo], [p].[FatContent], [p].[ImageUrl], [p].[ImageUrls], [p].[Ingredients], [p].[IsActive], [p].[IsFeatured], [p].[IsNew], [p].[IsPopular], [p].[MetaDescription], [p].[MetaKeywords], [p].[MetaTitle], [p].[Name], [p].[NutritionalInfo], [p].[OldPrice], [p].[Price], [p].[PublishedAt], [p].[Slug], [p].[SortOrder], [p].[StockQuantity], [p].[StorageInfo], [p].[ThumbnailUrl], [p].[UpdatedAt], [p].[Weight]
          FROM [Products] AS [p]
          WHERE [p].[IsActive] = CAST(1 AS bit)
          ORDER BY [p].[SortOrder], [p].[CreatedAt] DESC
          OFFSET @__p_0 ROWS FETCH NEXT @__p_1 ROWS ONLY
      ) AS [t]
      LEFT JOIN [Categories] AS [c] ON [t].[CategoryId] = [c].[Id]
      ORDER BY [t].[SortOrder], [t].[CreatedAt] DESC
info: Microsoft.EntityFrameworkCore.Database.Command[20101]
      Executed DbCommand (170ms) [Parameters=[], CommandType='Text', CommandTimeout='30']
      SELECT [c].[Id], [c].[CreatedAt], [c].[Description], [c].[DisplayOrder], [c].[ImageUrl], [c].[IsActive], [c].[Name], [c].[UpdatedAt]
      FROM [Categories] AS [c]
      WHERE [c].[IsActive] = CAST(1 AS bit)
warn: Microsoft.WebTools.BrowserLink.Net.BrowserLinkMiddleware[4]
      Unable to configure Browser Link script injection on the response. This may have been caused by the response's Content-Encoding: 'br'. Consider disabling response compression.
warn: Microsoft.AspNetCore.Watch.BrowserRefresh.BrowserRefreshMiddleware[4]
      Unable to configure browser refresh script injection on the response. This may have been caused by the response's Content-Encoding: 'br'. Consider disabling response compression.
info: Program[0]
      Connection string found: True
info: Program[0]
      Database server: tcp:manyasligida-server.database.windows.net,1433
info: Microsoft.EntityFrameworkCore.Database.Command[2010