info: Program[0]
      === APPLICATION STARTUP BEGIN ===
info: Program[0]
      Environment: Development
info: Program[0]
      Content Root: C:\Users\pc\manyasligida
info: Program[0]
      Web Root: C:\Users\pc\manyasligida\wwwroot
info: Program[0]
      ASPNETCORE_ENVIRONMENT: Development
info: Program[0]
      Connection string configured: True
info: Program[0]
      Development mode configured
info: Program[0]
      GlobalExceptionMiddleware registered
info: Program[0]
      PerformanceMonitoringMiddleware registered
info: Program[0]
      SessionValidationMiddleware registered
info: Program[0]
      Response compression configured
info: Program[0]
      === APPLICATION STARTUP COMPLETE ===
info: Microsoft.Hosting.Lifetime[0]
      Application started. Press Ctrl+C to shut down.
info: Microsoft.Hosting.Lifetime[0]
      Hosting environment: Development
info: Microsoft.Hosting.Lifetime[0]
      Content root path: C:\Users\pc\manyasligida
info: Program[0]
      Connection string found: True
info: Program[0]
      Database server: tcp:manyasligida-server.database.windows.net,1433
fail: manyasligida.Services.SessionManager[0]
      Error validating session
      System.InvalidOperationException: Session has not been configured for this application or request.
         at Microsoft.AspNetCore.Http.DefaultHttpContext.get_Session()
         at manyasligida.Services.SessionManager.GetCurrentSessionIdAsync() in C:\Users\pc\manyasligida\Services\SessionManager.cs:line 70
         at manyasligida.Services.SessionManager.ValidateSessionAsync() in C:\Users\pc\manyasligida\Services\SessionManager.cs:line 148
fail: manyasligida.Services.SessionManager[0]
      Error invalidating session
      System.InvalidOperationException: Session has not been configured for this application or request.
         at Microsoft.AspNetCore.Http.DefaultHttpContext.get_Session()
         at manyasligida.Services.SessionManager.GetCurrentSessionIdAsync() in C:\Users\pc\manyasligida\Services\SessionManager.cs:line 70
         at manyasligida.Services.SessionManager.InvalidateSessionAsync() in C:\Users\pc\manyasligida\Services\SessionManager.cs:line 206
info: manyasligida.Middleware.SessionValidationMiddleware[0]
      Invalid session cleared for request: /
info: manyasligida.Controllers.HomeController[0]
      Home page requested
info: Program[0]
      Connection string found: True
info: Program[0]
      Database server: tcp:manyasligida-server.database.windows.net,1433
info: Program[0]
      Connection string found: True
info: Program[0]
      Database server: tcp:manyasligida-server.database.windows.net,1433
info: Microsoft.EntityFrameworkCore.Database.Command[20101]
      Executed DbCommand (202ms) [Parameters=[@__p_0='?' (DbType = Int32)], CommandType='Text', CommandTimeout='30']
      SELECT TOP(@__p_0) [p].[Id], [p].[Name], [p].[Description], [p].[Price], [p].[ImageUrl], [p].[IsPopular], [p].[CreatedAt], [p].[Weight], [p].[FatContent], [p].[OldPrice], CASE
          WHEN [p].[CreatedAt] > DATEADD(day, CAST(-30.0E0 AS int), GETDATE()) THEN CAST(1 AS bit)
          ELSE CAST(0 AS bit)
      END AS [IsNew]
      FROM [Products] AS [p]
      WHERE [p].[IsActive] = CAST(1 AS bit)
      ORDER BY [p].[IsPopular] DESC, [p].[CreatedAt] DESC
info: Microsoft.EntityFrameworkCore.Database.Command[20101]
      Executed DbCommand (162ms) [Parameters=[], CommandType='Text', CommandTimeout='30']
      SELECT [c].[Id], [c].[Name], [c].[Description]
      FROM [Categories] AS [c]
      WHERE [c].[IsActive] = CAST(1 AS bit)
      ORDER BY [c].[Name]
info: manyasligida.Controllers.HomeController[0]
      Home page loaded successfully. Products: 8, Categories: 4
warn: manyasligida.Services.PerformanceMonitorService[0]
      Slow request detected: / took 2419ms
warn: manyasligida.Middleware.PerformanceMonitoringMiddleware[0]
      Slow request: GET / took 2419ms from ::1
warn: Microsoft.WebTools.BrowserLink.Net.BrowserLinkMiddleware[4]
      Unable to configure Browser Link script injection on the response. This may have been caused by the response's Content-Encoding: 'br'. Consider disabling response compression.
warn: Microsoft.AspNetCore.Watch.BrowserRefresh.BrowserRefreshMiddleware[4]
      Unable to configure browser refresh script injection on the response. This may have been caused by the response's Content-Encoding: 'br'. Consider disabling response compression.
info: Program[0]
      Connection string found: True
info: Program[0]
      Database server: tcp:manyasligida-server.database.windows.net,1433
fail: manyasligida.Services.SessionManager[0]
      Error validating session
      System.InvalidOperationException: Session has not been configured for this application or request.
         at Microsoft.AspNetCore.Http.DefaultHttpContext.get_Session()
         at manyasligida.Services.SessionManager.GetCurrentSessionIdAsync() in C:\Users\pc\manyasligida\Services\SessionManager.cs:line 70
         at manyasligida.Services.SessionManager.ValidateSessionAsync() in C:\Users\pc\manyasligida\Services\SessionManager.cs:line 148
fail: manyasligida.Services.SessionManager[0]
      Error invalidating session
      System.InvalidOperationException: Session has not been configured for this application or request.
         at Microsoft.AspNetCore.Http.DefaultHttpContext.get_Session()
         at manyasligida.Services.SessionManager.GetCurrentSessionIdAsync() in C:\Users\pc\manyasligida\Services\SessionManager.cs:line 70
         at manyasligida.Services.SessionManager.InvalidateSessionAsync() in C:\Users\pc\manyasligida\Services\SessionManager.cs:line 206
info: manyasligida.Middleware.SessionValidationMiddleware[0]
      Invalid session cleared for request: /Cart/GetCartCount
info: Program[0]
      Connection string found: True
info: Program[0]
      Database server: tcp:manyasligida-server.database.windows.net,1433
fail: manyasligida.Services.SessionManager[0]
      Error validating session
      System.InvalidOperationException: Session has not been configured for this application or request.
         at Microsoft.AspNetCore.Http.DefaultHttpContext.get_Session()
         at manyasligida.Services.SessionManager.GetCurrentSessionIdAsync() in C:\Users\pc\manyasligida\Services\SessionManager.cs:line 70
         at manyasligida.Services.SessionManager.ValidateSessionAsync() in C:\Users\pc\manyasligida\Services\SessionManager.cs:line 148
fail: manyasligida.Services.SessionManager[0]
      Error invalidating session
      System.InvalidOperationException: Session has not been configured for this application or request.
         at Microsoft.AspNetCore.Http.DefaultHttpContext.get_Session()
         at manyasligida.Services.SessionManager.GetCurrentSessionIdAsync() in C:\Users\pc\manyasligida\Services\SessionManager.cs:line 70
         at manyasligida.Services.SessionManager.InvalidateSessionAsync() in C:\Users\pc\manyasligida\Services\SessionManager.cs:line 206
info: manyasligida.Middleware.SessionValidationMiddleware[0]
      Invalid session cleared for request: /Account/Login
warn: Microsoft.WebTools.BrowserLink.Net.BrowserLinkMiddleware[4]
      Unable to configure Browser Link script injection on the response. This may have been caused by the response's Content-Encoding: 'br'. Consider disabling response compression.
warn: Microsoft.AspNetCore.Watch.BrowserRefresh.BrowserRefreshMiddleware[4]
      Unable to configure browser refresh script injection on the response. This may have been caused by the response's Content-Encoding: 'br'. Consider disabling response compression.
info: Program[0]
      Connection string found: True
info: Program[0]
      Database server: tcp:manyasligida-server.database.windows.net,1433
fail: manyasligida.Services.SessionManager[0]
      Error validating session
      System.InvalidOperationException: Session has not been configured for this application or request.
         at Microsoft.AspNetCore.Http.DefaultHttpContext.get_Session()
         at manyasligida.Services.SessionManager.GetCurrentSessionIdAsync() in C:\Users\pc\manyasligida\Services\SessionManager.cs:line 70
         at manyasligida.Services.SessionManager.ValidateSessionAsync() in C:\Users\pc\manyasligida\Services\SessionManager.cs:line 148
fail: manyasligida.Services.SessionManager[0]
      Error invalidating session
      System.InvalidOperationException: Session has not been configured for this application or request.
         at Microsoft.AspNetCore.Http.DefaultHttpContext.get_Session()
         at manyasligida.Services.SessionManager.GetCurrentSessionIdAsync() in C:\Users\pc\manyasligida\Services\SessionManager.cs:line 70
         at manyasligida.Services.SessionManager.InvalidateSessionAsync() in C:\Users\pc\manyasligida\Services\SessionManager.cs:line 206
info: manyasligida.Middleware.SessionValidationMiddleware[0]
      Invalid session cleared for request: /Cart/GetCartCount
info: Program[0]
      Connection string found: True
info: Program[0]
      Database server: tcp:manyasligida-server.database.windows.net,1433
fail: manyasligida.Services.SessionManager[0]
      Error validating session
      System.InvalidOperationException: Session has not been configured for this application or request.
         at Microsoft.AspNetCore.Http.DefaultHttpContext.get_Session()
         at manyasligida.Services.SessionManager.GetCurrentSessionIdAsync() in C:\Users\pc\manyasligida\Services\SessionManager.cs:line 70
         at manyasligida.Services.SessionManager.ValidateSessionAsync() in C:\Users\pc\manyasligida\Services\SessionManager.cs:line 148
fail: manyasligida.Services.SessionManager[0]
      Error invalidating session
      System.InvalidOperationException: Session has not been configured for this application or request.
         at Microsoft.AspNetCore.Http.DefaultHttpContext.get_Session()
         at manyasligida.Services.SessionManager.GetCurrentSessionIdAsync() in C:\Users\pc\manyasligida\Services\SessionManager.cs:line 70
         at manyasligida.Services.SessionManager.InvalidateSessionAsync() in C:\Users\pc\manyasligida\Services\SessionManager.cs:line 206
info: manyasligida.Middleware.SessionValidationMiddleware[0]
      Invalid session cleared for request: /Account/Login
info: manyasligida.Services.AuthService[0]
      Login attempt for email: ege_manyasliii@hotmail.com
info: Microsoft.EntityFrameworkCore.Database.Command[20101]
      Executed DbCommand (169ms) [Parameters=[@__ToLower_0='?' (Size = 100)], CommandType='Text', CommandTimeout='30']
      SELECT TOP(1) [u].[Id], [u].[Address], [u].[City], [u].[CreatedAt], [u].[Email], [u].[EmailConfirmed], [u].[FirstName], [u].[GoogleId], [u].[IsActive], [u].[IsAdmin], [u].[LastLoginAt], [u].[LastName], [u].[Password], [u].[Phone], [u].[PostalCode], [u].[UpdatedAt]
      FROM [Users] AS [u]
      WHERE LOWER([u].[Email]) = @__ToLower_0 AND [u].[IsActive] = CAST(1 AS bit)
info: manyasligida.Services.AuthService[0]
      User found: True, Email: ege_manyasliii@hotmail.com, IsActive: True
info: manyasligida.Services.AuthService[0]
      Password verification - Input hash: 64qQRsKwB3JFLQRFnD2y1g2X9oQB8G2kLnjATUfiP1w=, Stored hash: 64qQRsKwB3JFLQRFnD2y1g2X9oQB8G2kLnjATUfiP1w=, Valid: True
info: manyasligida.Services.AuthService[0]
      Password validation result: True
info: Microsoft.EntityFrameworkCore.Database.Command[20101]
      Executed DbCommand (202ms) [Parameters=[@p1='?' (DbType = Int32), @p0='?' (DbType = DateTime2)], CommandType='Text', CommandTimeout='30']
      SET IMPLICIT_TRANSACTIONS OFF;
      SET NOCOUNT ON;
      UPDATE [Users] SET [LastLoginAt] = @p0
      OUTPUT 1
      WHERE [Id] = @p1;
fail: Microsoft.EntityFrameworkCore.Database.Command[20102]
      Failed executing DbCommand (196ms) [Parameters=[@p0='?' (DbType = DateTime2), @p1='?' (Size = 100), @p2='?' (DbType = DateTime2), @p3='?' (Size = 45), @p4='?' (DbType = Boolean), @p5='?' (DbType = DateTime2), @p6='?' (Size = 50), @p7='?' (Size = 50), @p8='?' (Size = 500), @p9='?' (DbType = Int32)], CommandType='Text', CommandTimeout='30']
      SET IMPLICIT_TRANSACTIONS OFF;
      SET NOCOUNT ON;
      INSERT INTO [UserSessions] ([CreatedAt], [DeviceInfo], [ExpiresAt], [IpAddress], [IsActive], [LastActivity], [Location], [SessionId], [UserAgent], [UserId])
      OUTPUT INSERTED.[Id]
      VALUES (@p0, @p1, @p2, @p3, @p4, @p5, @p6, @p7, @p8, @p9);
fail: Microsoft.EntityFrameworkCore.Update[10000]
      An exception occurred in the database while saving changes for context type 'manyasligida.Data.ApplicationDbContext'.
      Microsoft.EntityFrameworkCore.DbUpdateException: An error occurred while saving the entity changes. See the inner exception for details.
       ---> Microsoft.Data.SqlClient.SqlException (0x80131904): Invalid object name 'UserSessions'.
         at Microsoft.Data.SqlClient.SqlCommand.<>c.<ExecuteDbDataReaderAsync>b__211_0(Task`1 result)
         at System.Threading.Tasks.ContinuationResultTaskFromResultTask`2.InnerInvoke()
         at System.Threading.ExecutionContext.RunInternal(ExecutionContext executionContext, ContextCallback callback, Object state)
      --- End of stack trace from previous location ---
         at System.Threading.ExecutionContext.RunInternal(ExecutionContext executionContext, ContextCallback callback, Object state)
         at System.Threading.Tasks.Task.ExecuteWithThreadLocal(Task& currentTaskSlot, Thread threadPoolThread)
      --- End of stack trace from previous location ---
         at Microsoft.EntityFrameworkCore.Storage.RelationalCommand.ExecuteReaderAsync(RelationalCommandParameterObject parameterObject, CancellationToken cancellationToken)
         at Microsoft.EntityFrameworkCore.Storage.RelationalCommand.ExecuteReaderAsync(RelationalCommandParameterObject parameterObject, CancellationToken cancellationToken)
         at Microsoft.EntityFrameworkCore.Update.ReaderModificationCommandBatch.ExecuteAsync(IRelationalConnection connection, CancellationToken cancellationToken)
      ClientConnectionId:d11022e8-c06f-46fd-af5d-644c941e23dd
      Error Number:208,State:1,Class:16
         --- End of inner exception stack trace ---
         at Microsoft.EntityFrameworkCore.Update.ReaderModificationCommandBatch.ExecuteAsync(IRelationalConnection connection, CancellationToken cancellationToken)
         at Microsoft.EntityFrameworkCore.SqlServer.Update.Internal.SqlServerModificationCommandBatch.ExecuteAsync(IRelationalConnection connection, CancellationToken cancellationToken)
         at Microsoft.EntityFrameworkCore.Update.Internal.BatchExecutor.ExecuteAsync(IEnumerable`1 commandBatches, IRelationalConnection connection, CancellationToken cancellationToken)
         at Microsoft.EntityFrameworkCore.Update.Internal.BatchExecutor.ExecuteAsync(IEnumerable`1 commandBatches, IRelationalConnection connection, CancellationToken cancellationToken)
         at Microsoft.EntityFrameworkCore.Update.Internal.BatchExecutor.ExecuteAsync(IEnumerable`1 commandBatches, IRelationalConnection connection, CancellationToken cancellationToken)
         at Microsoft.EntityFrameworkCore.ChangeTracking.Internal.StateManager.SaveChangesAsync(IList`1 entriesToSave, CancellationToken cancellationToken)
         at Microsoft.EntityFrameworkCore.ChangeTracking.Internal.StateManager.SaveChangesAsync(StateManager stateManager, Boolean acceptAllChangesOnSuccess, CancellationToken cancellationToken)
         at Microsoft.EntityFrameworkCore.Storage.ExecutionStrategy.<>c__DisplayClass30_0`2.<<ExecuteAsync>b__0>d.MoveNext()
      --- End of stack trace from previous location ---
         at Microsoft.EntityFrameworkCore.Storage.ExecutionStrategy.ExecuteImplementationAsync[TState,TResult](Func`4 operation, Func`4 verifySucceeded, TState state, CancellationToken cancellationToken)
         at Microsoft.EntityFrameworkCore.Storage.ExecutionStrategy.ExecuteImplementationAsync[TState,TResult](Func`4 operation, Func`4 verifySucceeded, TState state, CancellationToken cancellationToken)
         at Microsoft.EntityFrameworkCore.Storage.ExecutionStrategy.ExecuteAsync[TState,TResult](TState state, Func`4 operation, Func`4 verifySucceeded, CancellationToken cancellationToken)
         at Microsoft.EntityFrameworkCore.DbContext.SaveChangesAsync(Boolean acceptAllChangesOnSuccess, CancellationToken cancellationToken)
      Microsoft.EntityFrameworkCore.DbUpdateException: An error occurred while saving the entity changes. See the inner exception for details.
       ---> Microsoft.Data.SqlClient.SqlException (0x80131904): Invalid object name 'UserSessions'.
         at Microsoft.Data.SqlClient.SqlCommand.<>c.<ExecuteDbDataReaderAsync>b__211_0(Task`1 result)
         at System.Threading.Tasks.ContinuationResultTaskFromResultTask`2.InnerInvoke()
         at System.Threading.ExecutionContext.RunInternal(ExecutionContext executionContext, ContextCallback callback, Object state)
      --- End of stack trace from previous location ---
         at System.Threading.ExecutionContext.RunInternal(ExecutionContext executionContext, ContextCallback callback, Object state)
         at System.Threading.Tasks.Task.ExecuteWithThreadLocal(Task& currentTaskSlot, Thread threadPoolThread)
      --- End of stack trace from previous location ---
         at Microsoft.EntityFrameworkCore.Storage.RelationalCommand.ExecuteReaderAsync(RelationalCommandParameterObject parameterObject, CancellationToken cancellationToken)
         at Microsoft.EntityFrameworkCore.Storage.RelationalCommand.ExecuteReaderAsync(RelationalCommandParameterObject parameterObject, CancellationToken cancellationToken)
         at Microsoft.EntityFrameworkCore.Update.ReaderModificationCommandBatch.ExecuteAsync(IRelationalConnection connection, CancellationToken cancellationToken)
      ClientConnectionId:d11022e8-c06f-46fd-af5d-644c941e23dd
      Error Number:208,State:1,Class:16
         --- End of inner exception stack trace ---
         at Microsoft.EntityFrameworkCore.Update.ReaderModificationCommandBatch.ExecuteAsync(IRelationalConnection connection, CancellationToken cancellationToken)
         at Microsoft.EntityFrameworkCore.SqlServer.Update.Internal.SqlServerModificationCommandBatch.ExecuteAsync(IRelationalConnection connection, CancellationToken cancellationToken)
         at Microsoft.EntityFrameworkCore.Update.Internal.BatchExecutor.ExecuteAsync(IEnumerable`1 commandBatches, IRelationalConnection connection, CancellationToken cancellationToken)
         at Microsoft.EntityFrameworkCore.Update.Internal.BatchExecutor.ExecuteAsync(IEnumerable`1 commandBatches, IRelationalConnection connection, CancellationToken cancellationToken)
         at Microsoft.EntityFrameworkCore.Update.Internal.BatchExecutor.ExecuteAsync(IEnumerable`1 commandBatches, IRelationalConnection connection, CancellationToken cancellationToken)
         at Microsoft.EntityFrameworkCore.ChangeTracking.Internal.StateManager.SaveChangesAsync(IList`1 entriesToSave, CancellationToken cancellationToken)
         at Microsoft.EntityFrameworkCore.ChangeTracking.Internal.StateManager.SaveChangesAsync(StateManager stateManager, Boolean acceptAllChangesOnSuccess, CancellationToken cancellationToken)
         at Microsoft.EntityFrameworkCore.Storage.ExecutionStrategy.<>c__DisplayClass30_0`2.<<ExecuteAsync>b__0>d.MoveNext()
      --- End of stack trace from previous location ---
         at Microsoft.EntityFrameworkCore.Storage.ExecutionStrategy.ExecuteImplementationAsync[TState,TResult](Func`4 operation, Func`4 verifySucceeded, TState state, CancellationToken cancellationToken)
         at Microsoft.EntityFrameworkCore.Storage.ExecutionStrategy.ExecuteImplementationAsync[TState,TResult](Func`4 operation, Func`4 verifySucceeded, TState state, CancellationToken cancellationToken)
         at Microsoft.EntityFrameworkCore.Storage.ExecutionStrategy.ExecuteAsync[TState,TResult](TState state, Func`4 operation, Func`4 verifySucceeded, CancellationToken cancellationToken)
         at Microsoft.EntityFrameworkCore.DbContext.SaveChangesAsync(Boolean acceptAllChangesOnSuccess, CancellationToken cancellationToken)
fail: manyasligida.Services.SessionManager[0]
      Error creating user session for user 5
      Microsoft.EntityFrameworkCore.DbUpdateException: An error occurred while saving the entity changes. See the inner exception for details.
       ---> Microsoft.Data.SqlClient.SqlException (0x80131904): Invalid object name 'UserSessions'.
         at Microsoft.Data.SqlClient.SqlCommand.<>c.<ExecuteDbDataReaderAsync>b__211_0(Task`1 result)
         at System.Threading.Tasks.ContinuationResultTaskFromResultTask`2.InnerInvoke()
         at System.Threading.ExecutionContext.RunInternal(ExecutionContext executionContext, ContextCallback callback, Object state)
      --- End of stack trace from previous location ---
         at System.Threading.ExecutionContext.RunInternal(ExecutionContext executionContext, ContextCallback callback, Object state)
         at System.Threading.Tasks.Task.ExecuteWithThreadLocal(Task& currentTaskSlot, Thread threadPoolThread)
      --- End of stack trace from previous location ---
         at Microsoft.EntityFrameworkCore.Storage.RelationalCommand.ExecuteReaderAsync(RelationalCommandParameterObject parameterObject, CancellationToken cancellationToken)
         at Microsoft.EntityFrameworkCore.Storage.RelationalCommand.ExecuteReaderAsync(RelationalCommandParameterObject parameterObject, CancellationToken cancellationToken)
         at Microsoft.EntityFrameworkCore.Update.ReaderModificationCommandBatch.ExecuteAsync(IRelationalConnection connection, CancellationToken cancellationToken)
      ClientConnectionId:d11022e8-c06f-46fd-af5d-644c941e23dd
      Error Number:208,State:1,Class:16
         --- End of inner exception stack trace ---
         at Microsoft.EntityFrameworkCore.Update.ReaderModificationCommandBatch.ExecuteAsync(IRelationalConnection connection, CancellationToken cancellationToken)
         at Microsoft.EntityFrameworkCore.SqlServer.Update.Internal.SqlServerModificationCommandBatch.ExecuteAsync(IRelationalConnection connection, CancellationToken cancellationToken)
         at Microsoft.EntityFrameworkCore.Update.Internal.BatchExecutor.ExecuteAsync(IEnumerable`1 commandBatches, IRelationalConnection connection, CancellationToken cancellationToken)
         at Microsoft.EntityFrameworkCore.Update.Internal.BatchExecutor.ExecuteAsync(IEnumerable`1 commandBatches, IRelationalConnection connection, CancellationToken cancellationToken)
         at Microsoft.EntityFrameworkCore.Update.Internal.BatchExecutor.ExecuteAsync(IEnumerable`1 commandBatches, IRelationalConnection connection, CancellationToken cancellationToken)
         at Microsoft.EntityFrameworkCore.ChangeTracking.Internal.StateManager.SaveChangesAsync(IList`1 entriesToSave, CancellationToken cancellationToken)
         at Microsoft.EntityFrameworkCore.ChangeTracking.Internal.StateManager.SaveChangesAsync(StateManager stateManager, Boolean acceptAllChangesOnSuccess, CancellationToken cancellationToken)
         at Microsoft.EntityFrameworkCore.Storage.ExecutionStrategy.<>c__DisplayClass30_0`2.<<ExecuteAsync>b__0>d.MoveNext()
      --- End of stack trace from previous location ---
         at Microsoft.EntityFrameworkCore.Storage.ExecutionStrategy.ExecuteImplementationAsync[TState,TResult](Func`4 operation, Func`4 verifySucceeded, TState state, CancellationToken cancellationToken)
         at Microsoft.EntityFrameworkCore.Storage.ExecutionStrategy.ExecuteImplementationAsync[TState,TResult](Func`4 operation, Func`4 verifySucceeded, TState state, CancellationToken cancellationToken)
         at Microsoft.EntityFrameworkCore.Storage.ExecutionStrategy.ExecuteAsync[TState,TResult](TState state, Func`4 operation, Func`4 verifySucceeded, CancellationToken cancellationToken)
         at Microsoft.EntityFrameworkCore.DbContext.SaveChangesAsync(Boolean acceptAllChangesOnSuccess, CancellationToken cancellationToken)
         at Microsoft.EntityFrameworkCore.DbContext.SaveChangesAsync(Boolean acceptAllChangesOnSuccess, CancellationToken cancellationToken)
         at manyasligida.Services.SessionManager.CreateUserSessionAsync(User user) in C:\Users\pc\manyasligida\Services\SessionManager.cs:line 107
fail: manyasligida.Services.AuthService[0]
      Failed to create session for user 5
warn: Microsoft.WebTools.BrowserLink.Net.BrowserLinkMiddleware[4]
      Unable to configure Browser Link script injection on the response. This may have been caused by the response's Content-Encoding: 'br'. Consider disabling response compression.
warn: Microsoft.AspNetCore.Watch.BrowserRefresh.