? Turkey timezone detected and configured
? Turkey timezone detected and configured
Unhandled exception. System.AggregateException: Some services are not able to be constructed (Error while validating the service descriptor 'ServiceType: manyasligida.Services.ISiteSettingsService Lifetime: Singleton ImplementationType: manyasligida.Services.SiteSettingsService': Cannot consume scoped service 'manyasligida.Data.ApplicationDbContext' from singleton 'manyasligida.Services.ISiteSettingsService'.)
 ---> System.InvalidOperationException: Error while validating the service descriptor 'ServiceType: manyasligida.Services.ISiteSettingsService Lifetime: Singleton ImplementationType: manyasligida.Services.SiteSettingsService': Cannot consume scoped service 'manyasligida.Data.ApplicationDbContext' from singleton 'manyasligida.Services.ISiteSettingsService'.
 ---> System.InvalidOperationException: Cannot consume scoped service 'manyasligida.Data.ApplicationDbContext' from singleton 'manyasligida.Services.ISiteSettingsService'.
   at Microsoft.Extensions.DependencyInjection.ServiceLookup.CallSiteValidator.VisitScopeCache(ServiceCallSite scopedCallSite, CallSiteValidatorState state)
   at Microsoft.Extensions.DependencyInjection.ServiceLookup.CallSiteVisitor`2.VisitCallSite(ServiceCallSite callSite, TArgument argument)
   at Microsoft.Extensions.DependencyInjection.ServiceLookup.CallSiteValidator.VisitConstructor(ConstructorCallSite constructorCallSite, CallSiteValidatorState state)
   at Microsoft.Extensions.DependencyInjection.ServiceLookup.CallSiteVisitor`2.VisitCallSite(ServiceCallSite callSite, TArgument argument)
   at Microsoft.Extensions.DependencyInjection.ServiceLookup.CallSiteValidator.ValidateCallSite(ServiceCallSite callSite)
   at Microsoft.Extensions.DependencyInjection.ServiceProvider.ValidateService(ServiceDescriptor descriptor)
   --- End of inner exception stack trace ---
   at Microsoft.Extensions.DependencyInjection.ServiceProvider.ValidateService(ServiceDescriptor descriptor)
   at Microsoft.Extensions.DependencyInjection.ServiceProvider..ctor(ICollection`1 serviceDescriptors, ServiceProviderOptions options)
   --- End of inner exception stack trace ---
   at Microsoft.Extensions.DependencyInjection.ServiceProvider..ctor(ICollection`1 serviceDescriptors, ServiceProviderOptions options)
   at Microsoft.Extensions.DependencyInjection.ServiceCollectionContainerBuilderExtensions.BuildServiceProvider(IServiceCollection services, ServiceProviderOptions options)
   at Microsoft.Extensions.Hosting.HostApplicationBuilder.Build()
   at Microsoft.AspNetCore.Builder.WebApplicationBuilder.Build()
   at Program.<Main>$(String[] args) in C:\Users\pc\manyasligida\Program.cs:line 143
